JVM info: Microsoft - 21.0.6 - 21.0.6+7-LTS
java.net.preferIPv4Stack=true
Current Time: 02/05/2025 03:26:08
Host: files.minecraftforge.net [104.21.58.163, 172.67.161.211]
Host: maven.minecraftforge.net [172.67.161.211, 104.21.58.163]
Host: libraries.minecraft.net [13.107.246.41]
Host: launchermeta.mojang.com [13.107.246.41]
Host: piston-meta.mojang.com [13.107.246.41]
Host: sessionserver.mojang.com [13.107.246.41]
Host: authserver.mojang.com [Unknown]
Target Directory: .
Extracting main jar:
  Extracted successfully
Considering minecraft server jar
  Downloading library from https://piston-data.mojang.com/v1/objects/886945bfb2b978778c3a0288fd7fab09d315b25f/server.jar
    Download completed: Checksum validated.
Downloading libraries
Found 0 additional library directories
Considering library net.minecraftforge:forge:1.12.2-14.23.5.2860
  Extracting library from /maven/net/minecraftforge/forge/1.12.2-14.23.5.2860/forge-1.12.2-14.23.5.2860.jar
    Extraction completed: Checksum validated.
Considering library org.ow2.asm:asm-debug-all:5.2
  Downloading library from https://maven.minecraftforge.net/org/ow2/asm/asm-debug-all/5.2/asm-debug-all-5.2.jar
    Download completed: Checksum validated.
Considering library net.minecraft:launchwrapper:1.12
  Downloading library from https://libraries.minecraft.net/net/minecraft/launchwrapper/1.12/launchwrapper-1.12.jar
    Download completed: Checksum validated.
Considering library org.jline:jline:3.5.1
  Downloading library from https://maven.minecraftforge.net/org/jline/jline/3.5.1/jline-3.5.1.jar
    Download completed: Checksum validated.
Considering library com.typesafe.akka:akka-actor_2.11:2.3.3
  Downloading library from https://maven.minecraftforge.net/com/typesafe/akka/akka-actor_2.11/2.3.3/akka-actor_2.11-2.3.3.jar
    Download completed: Checksum validated.
Considering library com.typesafe:config:1.2.1
  Downloading library from https://maven.minecraftforge.net/com/typesafe/config/1.2.1/config-1.2.1.jar
    Download completed: Checksum validated.
Considering library org.scala-lang:scala-actors-migration_2.11:1.1.0
  Downloading library from https://maven.minecraftforge.net/org/scala-lang/scala-actors-migration_2.11/1.1.0/scala-actors-migration_2.11-1.1.0.jar
    Download completed: Checksum validated.
Considering library org.scala-lang:scala-compiler:2.11.1
  Downloading library from https://maven.minecraftforge.net/org/scala-lang/scala-compiler/2.11.1/scala-compiler-2.11.1.jar
    Download completed: Checksum validated.
Considering library org.scala-lang.plugins:scala-continuations-library_2.11:1.0.2_mc
  Downloading library from https://maven.minecraftforge.net/org/scala-lang/plugins/scala-continuations-library_2.11/1.0.2_mc/scala-continuations-library_2.11-1.0.2_mc.jar
java.net.SocketTimeoutException: Read timed out
	at java.base/sun.nio.ch.NioSocketImpl.timedRead(NioSocketImpl.java:278)
	at java.base/sun.nio.ch.NioSocketImpl.implRead(NioSocketImpl.java:304)
	at java.base/sun.nio.ch.NioSocketImpl.read(NioSocketImpl.java:346)
	at java.base/sun.nio.ch.NioSocketImpl$1.read(NioSocketImpl.java:796)
	at java.base/java.net.Socket$SocketInputStream.read(Socket.java:1099)
	at java.base/sun.security.ssl.SSLSocketInputRecord.read(SSLSocketInputRecord.java:489)
	at java.base/sun.security.ssl.SSLSocketInputRecord.readHeader(SSLSocketInputRecord.java:483)
	at java.base/sun.security.ssl.SSLSocketInputRecord.bytesInCompletePacket(SSLSocketInputRecord.java:70)
	at java.base/sun.security.ssl.SSLSocketImpl.readApplicationRecord(SSLSocketImpl.java:1461)
	at java.base/sun.security.ssl.SSLSocketImpl$AppInputStream.read(SSLSocketImpl.java:1066)
	at java.base/java.io.BufferedInputStream.fill(BufferedInputStream.java:291)
	at java.base/java.io.BufferedInputStream.read1(BufferedInputStream.java:347)
	at java.base/java.io.BufferedInputStream.implRead(BufferedInputStream.java:420)
	at java.base/java.io.BufferedInputStream.read(BufferedInputStream.java:399)
	at java.base/sun.net.www.MeteredStream.read(MeteredStream.java:131)
	at java.base/java.io.FilterInputStream.read(FilterInputStream.java:119)
	at java.base/sun.net.www.protocol.http.HttpURLConnection$HttpInputStream.read(HttpURLConnection.java:3692)
	at java.base/java.io.InputStream.transferTo(InputStream.java:796)
	at java.base/java.nio.file.Files.copy(Files.java:3164)
	at net.minecraftforge.installer.DownloadUtils.download(DownloadUtils.java:176)
	at net.minecraftforge.installer.DownloadUtils.download(DownloadUtils.java:164)
	at net.minecraftforge.installer.DownloadUtils.downloadLibrary(DownloadUtils.java:149)
	at net.minecraftforge.installer.actions.Action.downloadLibraries(Action.java:72)
	at net.minecraftforge.installer.actions.ServerInstall.run(ServerInstall.java:72)
	at net.minecraftforge.installer.SimpleInstaller.main(SimpleInstaller.java:138)
Considering library org.scala-lang.plugins:scala-continuations-plugin_2.11.1:1.0.2_mc
  Downloading library from https://maven.minecraftforge.net/org/scala-lang/plugins/scala-continuations-plugin_2.11.1/1.0.2_mc/scala-continuations-plugin_2.11.1-1.0.2_mc.jar
Failed to establish connection to https://maven.minecraftforge.net/org/scala-lang/plugins/scala-continuations-plugin_2.11.1/1.0.2_mc/scala-continuations-plugin_2.11.1-1.0.2_mc.jar
 Host: maven.minecraftforge.net [172.67.161.211, 104.21.58.163]
java.net.SocketTimeoutException: Read timed out
	at java.base/sun.nio.ch.NioSocketImpl.timedRead(NioSocketImpl.java:278)
	at java.base/sun.nio.ch.NioSocketImpl.implRead(NioSocketImpl.java:304)
	at java.base/sun.nio.ch.NioSocketImpl.read(NioSocketImpl.java:346)
	at java.base/sun.nio.ch.NioSocketImpl$1.read(NioSocketImpl.java:796)
	at java.base/java.net.Socket$SocketInputStream.read(Socket.java:1099)
	at java.base/sun.security.ssl.SSLSocketInputRecord.read(SSLSocketInputRecord.java:489)
	at java.base/sun.security.ssl.SSLSocketInputRecord.readHeader(SSLSocketInputRecord.java:483)
	at java.base/sun.security.ssl.SSLSocketInputRecord.bytesInCompletePacket(SSLSocketInputRecord.java:70)
	at java.base/sun.security.ssl.SSLSocketImpl.readApplicationRecord(SSLSocketImpl.java:1461)
	at java.base/sun.security.ssl.SSLSocketImpl$AppInputStream.read(SSLSocketImpl.java:1066)
	at java.base/java.io.BufferedInputStream.fill(BufferedInputStream.java:291)
	at java.base/java.io.BufferedInputStream.read1(BufferedInputStream.java:347)
	at java.base/java.io.BufferedInputStream.implRead(BufferedInputStream.java:420)
	at java.base/java.io.BufferedInputStream.read(BufferedInputStream.java:399)
	at java.base/sun.net.www.http.HttpClient.parseHTTPHeader(HttpClient.java:827)
	at java.base/sun.net.www.http.HttpClient.parseHTTP(HttpClient.java:759)
	at java.base/sun.net.www.protocol.http.HttpURLConnection.getInputStream0(HttpURLConnection.java:1705)
	at java.base/sun.net.www.protocol.http.HttpURLConnection.getInputStream(HttpURLConnection.java:1614)
	at java.base/java.net.HttpURLConnection.getResponseCode(HttpURLConnection.java:531)
	at java.base/sun.net.www.protocol.https.HttpsURLConnectionImpl.getResponseCode(HttpsURLConnectionImpl.java:307)
	at net.minecraftforge.installer.DownloadUtils.getConnection(DownloadUtils.java:240)
	at net.minecraftforge.installer.DownloadUtils.download(DownloadUtils.java:174)
	at net.minecraftforge.installer.DownloadUtils.download(DownloadUtils.java:164)
	at net.minecraftforge.installer.DownloadUtils.downloadLibrary(DownloadUtils.java:149)
	at net.minecraftforge.installer.actions.Action.downloadLibraries(Action.java:72)
	at net.minecraftforge.installer.actions.ServerInstall.run(ServerInstall.java:72)
	at net.minecraftforge.installer.SimpleInstaller.main(SimpleInstaller.java:138)
Considering library org.scala-lang:scala-library:2.11.1
  Downloading library from https://maven.minecraftforge.net/org/scala-lang/scala-library/2.11.1/scala-library-2.11.1.jar
    Download completed: Checksum validated.
Considering library org.scala-lang:scala-parser-combinators_2.11:1.0.1
  Downloading library from https://maven.minecraftforge.net/org/scala-lang/scala-parser-combinators_2.11/1.0.1/scala-parser-combinators_2.11-1.0.1.jar
    Download completed: Checksum validated.
Considering library org.scala-lang:scala-reflect:2.11.1
  Downloading library from https://maven.minecraftforge.net/org/scala-lang/scala-reflect/2.11.1/scala-reflect-2.11.1.jar
    Download completed: Checksum validated.
Considering library org.scala-lang:scala-swing_2.11:1.0.1
  Downloading library from https://maven.minecraftforge.net/org/scala-lang/scala-swing_2.11/1.0.1/scala-swing_2.11-1.0.1.jar
    Download completed: Checksum validated.
Considering library org.scala-lang:scala-xml_2.11:1.0.2
  Downloading library from https://maven.minecraftforge.net/org/scala-lang/scala-xml_2.11/1.0.2/scala-xml_2.11-1.0.2.jar
    Download completed: Checksum validated.
Considering library lzma:lzma:0.0.1
  Downloading library from https://libraries.minecraft.net/lzma/lzma/0.0.1/lzma-0.0.1.jar
    Download completed: Checksum validated.
Considering library java3d:vecmath:1.5.2
  Downloading library from https://libraries.minecraft.net/java3d/vecmath/1.5.2/vecmath-1.5.2.jar
    Download completed: Checksum validated.
Considering library net.sf.trove4j:trove4j:3.0.3
  Downloading library from https://libraries.minecraft.net/net/sf/trove4j/trove4j/3.0.3/trove4j-3.0.3.jar
    Download completed: Checksum validated.
Considering library org.apache.maven:maven-artifact:3.5.3
  Downloading library from https://maven.minecraftforge.net/org/apache/maven/maven-artifact/3.5.3/maven-artifact-3.5.3.jar
    Download completed: Checksum validated.
Considering library net.sf.jopt-simple:jopt-simple:5.0.3
  Downloading library from https://libraries.minecraft.net/net/sf/jopt-simple/jopt-simple/5.0.3/jopt-simple-5.0.3.jar
    Download completed: Checksum validated.
Considering library org.apache.logging.log4j:log4j-api:2.15.0
  Downloading library from https://maven.minecraftforge.net/org/apache/logging/log4j/log4j-api/2.15.0/log4j-api-2.15.0.jar
    Download completed: Checksum validated.
Considering library org.apache.logging.log4j:log4j-core:2.15.0
  Downloading library from https://maven.minecraftforge.net/org/apache/logging/log4j/log4j-core/2.15.0/log4j-core-2.15.0.jar
    Download completed: Checksum validated.
These libraries failed to download. Try again.

org.scala-lang.plugins:scala-continuations-library_2.11:1.0.2_mc
org.scala-lang.plugins:scala-continuations-plugin_2.11.1:1.0.2_mc
There was an error during installation
