[00:02:07] [Server thread/INFO] [net.minecraft.server.dedicated.DedicatedServer]: [zxymatthewyxz: Changing to clear weather]
[00:02:25] [Server thread/WARN] [net.minecraft.network.NetHandlerPlayServer]: zxymatthewyxz moved wrongly!
[00:09:13] [Aromabackup-Backup/OFF] [Aroma1997Core]: Message to players; Message: Starting Backup. The server may lag for a bit!
[00:09:13] [Aromabackup-Backup/INFO] [net.minecraft.server.dedicated.DedicatedServer]: [AromaBackup] Starting Backup. The server may lag for a bit!
[00:09:15] [Server thread/INFO] [net.minecraft.world.chunk.storage.AnvilChunkLoader]: ThreadedAnvilChunkStorage (world): All chunks are saved
[00:09:15] [Server thread/INFO] [net.minecraft.world.chunk.storage.AnvilChunkLoader]: ThreadedAnvilChunkStorage (DIM2): All chunks are saved
[00:09:15] [Aromabackup-Backup/OFF] [Aroma1997Core]: Message to players; Message: Server Backup done!
[00:09:15] [Aromabackup-Backup/INFO] [net.minecraft.server.dedicated.DedicatedServer]: [AromaBackup] Server Backup done!
[00:10:49] [Server thread/INFO] [net.minecraft.server.dedicated.DedicatedServer]: Pilin has made the advancement [Axe Me Anything]
[00:13:53] [Server thread/INFO] [net.minecraft.server.dedicated.DedicatedServer]: zxymatthewyxz has made the advancement [Chargin' Mah Lazer!]
[00:14:10] [Server thread/INFO] [net.minecraft.server.dedicated.DedicatedServer]: [zxymatthewyxz: Changing to clear weather]
[00:16:50] [Server thread/INFO] [net.minecraft.server.dedicated.DedicatedServer]: zxymatthewyxz has made the advancement [Charger 2: Electric Boogaloo]
[00:17:15] [Server thread/INFO] [net.minecraft.server.dedicated.DedicatedServer]: Pilin has made the advancement [I Don't Know]
[00:20:28] [Server thread/INFO] [net.minecraft.server.dedicated.DedicatedServer]: zxymatthewyxz has made the advancement [Trees to Diamonds]
[00:20:51] [Server thread/INFO] [net.minecraft.server.dedicated.DedicatedServer]: zxymatthewyxz has made the advancement [No Chargebacks]
[00:21:31] [Server thread/WARN] [net.minecraft.network.NetHandlerPlayServer]: zxymatthewyxz moved wrongly!
[00:23:25] [Server thread/INFO] [net.minecraft.server.dedicated.DedicatedServer]: [zxymatthewyxz: Changing to clear weather]
[00:24:30] [Server thread/INFO] [net.minecraft.server.dedicated.DedicatedServer]: Pilin has made the advancement [I've Been Slimed]
[00:24:48] [Server thread/WARN] [net.minecraft.network.NetHandlerPlayServer]: zxymatthewyxz moved too quickly! 0.0,333.050961861862,0.0
[00:26:49] [Server thread/WARN] [net.minecraft.network.NetHandlerPlayServer]: zxymatthewyxz moved too quickly! 0.0,333.8913064400799,0.0
[00:29:51] [Server thread/INFO] [net.minecraft.server.dedicated.DedicatedServer]: [zxymatthewyxz: Changing to clear weather]
[00:33:14] [Server thread/INFO] [net.minecraft.server.dedicated.DedicatedServer]: Pilin has made the advancement [An Enchanting Evening]
[00:34:11] [Server thread/INFO] [net.minecraft.server.dedicated.DedicatedServer]: [zxymatthewyxz: Set game difficulty to Hard]
[00:35:57] [Server thread/WARN] [oreexcavation]: Block harvest failed unexpectedly.
Block: sky_orchards:log_lapis[axis=y]
Tool: 1xitem.tconstruct.lumberaxe@205
Pos: BlockPos{x=-27, y=71, z=-2}
[00:36:03] [Server thread/WARN] [oreexcavation]: Block harvest failed unexpectedly.
Block: sky_orchards:log_lapis[axis=y]
Tool: 1xitem.tconstruct.lumberaxe@210
Pos: BlockPos{x=-27, y=71, z=-2}
[00:36:52] [Server thread/INFO] [net.minecraft.server.dedicated.DedicatedServer]: [zxymatthewyxz: Set the time to 709123 in dimension 0]
[00:37:52] [Server thread/WARN] [net.minecraft.network.NetHandlerPlayServer]: Pilin moved too quickly! 0.0,334.4929803799864,0.0
[00:37:59] [Server thread/WARN] [net.minecraft.network.NetHandlerPlayServer]: zxymatthewyxz moved too quickly! 0.0,333.8913064400799,0.0
[00:38:01] [Server thread/WARN] [net.minecraft.network.NetHandlerPlayServer]: Pilin moved too quickly! 0.0,333.050961861862,0.0
[00:38:08] [Server thread/WARN] [net.minecraft.network.NetHandlerPlayServer]: Pilin moved too quickly! 0.0,335.0577083927641,0.0
[00:38:13] [Server thread/INFO] [net.minecraft.server.dedicated.DedicatedServer]: Pilin fell from a high place
[00:38:13] [Server thread/INFO] [simpletomb]: Format error: Tomb created at: %s
[00:38:23] [Server thread/WARN] [net.minecraft.network.NetHandlerPlayServer]: Pilin moved wrongly!
[00:38:26] [Server thread/WARN] [net.minecraft.network.NetHandlerPlayServer]: zxymatthewyxz moved too quickly! 0.0,334.4929803799864,0.0
[00:38:33] [Server thread/WARN] [net.minecraft.network.NetHandlerPlayServer]: zxymatthewyxz moved too quickly! 0.0,335.0577083927641,0.0
